Building DAG of jobs...
Using shell: /usr/bin/bash
Provided cores: 1 (use --cores to define parallelism)
Rules claiming more threads will be scaled down.
Job stats:
job                   count    min threads    max threads
------------------  -------  -------------  -------------
all                       1              1              1
scaling_experiment        1              1              1
total                     2              1              1

Select jobs to execute...

[Thu Aug  1 14:02:56 2024]
rule scaling_experiment:
    input: model.py, parameter_dicts.py, scaling.py
    output: figures/scaling.png
    jobid: 5
    resources: tmpdir=/tmp

[Thu Aug  1 14:08:44 2024]
Finished job 5.
1 of 2 steps (50%) done
Select jobs to execute...

[Thu Aug  1 14:08:44 2024]
localrule all:
    input: figures/TwoPopulationNetworkPlastic_iaf_psc_alpha_spikes.png, figures/TwoPopulationNetworkPlastic_iaf_psc_alpha_weight_distributions.png, figures/TwoPopulationNetworkPlastic_iaf_psc_alpha_connectivity_presim.png, figures/TwoPopulationNetworkPlastic_iaf_psc_alpha_connectivity_postsim.png, figures/TwoPopulationNetworkPlastic_ignore_and_fire_spikes.png, figures/TwoPopulationNetworkPlastic_ignore_and_fire_weight_distributions.png, figures/TwoPopulationNetworkPlastic_ignore_and_fire_connectivity_presim.png, figures/TwoPopulationNetworkPlastic_ignore_and_fire_connectivity_postsim.png, figures/scaling.png
    jobid: 0
    resources: tmpdir=/tmp

[Thu Aug  1 14:08:44 2024]
Finished job 0.
2 of 2 steps (100%) done
Complete log: /home/mitchell/Work/repo/nest-simulator/pynest/examples/ignore_and_fire/.snakemake/log/2024-08-01T140256.400633.snakemake.log
