Building DAG of jobs...
Using shell: /usr/bin/bash
Provided cores: 1 (use --cores to define parallelism)
Rules claiming more threads will be scaled down.
Job stats:
job                               count    min threads    max threads
------------------------------  -------  -------------  -------------
all                                   1              1              1
generate_reference_data_LIF           1              1              1
generate_reference_figures_LIF        1              1              1
scaling_experiment                    1              1              1
total                                 4              1              1

Select jobs to execute...

[Thu Aug  1 13:50:47 2024]
rule generate_reference_data_LIF:
    input: model.py, parameter_dicts.py, generate_reference_data.py
    output: .LIF_simulation_done
    jobid: 2
    resources: tmpdir=/tmp

[Thu Aug  1 13:51:43 2024]
Finished job 2.
1 of 4 steps (25%) done
Select jobs to execute...

[Thu Aug  1 13:51:43 2024]
rule generate_reference_figures_LIF:
    input: model.py, parameter_dicts.py, generate_reference_figures.py, .LIF_simulation_done
    output: figures/TwoPopulationNetworkPlastic_iaf_psc_alpha_spikes.png, figures/TwoPopulationNetworkPlastic_iaf_psc_alpha_weight_distributions.png, figures/TwoPopulationNetworkPlastic_iaf_psc_alpha_connectivity_presim.png, figures/TwoPopulationNetworkPlastic_iaf_psc_alpha_connectivity_postsim.png
    jobid: 1
    resources: tmpdir=/tmp

Removing temporary output file .LIF_simulation_done.
[Thu Aug  1 13:51:52 2024]
Finished job 1.
2 of 4 steps (50%) done
Select jobs to execute...

[Thu Aug  1 13:51:52 2024]
rule scaling_experiment:
    input: model.py, parameter_dicts.py, scaling.py
    output: figures/scaling.png
    jobid: 5
    resources: tmpdir=/tmp

Shutting down, this might take some time.
Exiting because a job execution failed. Look above for error message
Complete log: /home/mitchell/Work/repo/nest-simulator/pynest/examples/ignore_and_fire/.snakemake/log/2024-08-01T135046.804620.snakemake.log
